libtool: install: cp ./.libs/hyph.so /home/frost/workspace/Hyph/ext/modules/hyph.so
libtool: install: cp ./.libs/hyph.lai /home/frost/workspace/Hyph/ext/modules/hyph.la
libtool: finish: PATH="/usr/local/bin:/usr/bin:/bin:/usr/local/games:/usr/games:/sbin" ldconfig -n /home/frost/workspace/Hyph/ext/modules
----------------------------------------------------------------------
Libraries have been installed in:
   /home/frost/workspace/Hyph/ext/modules

If you ever happen to want to link against installed libraries
in a given directory, LIBDIR, you must either use libtool, and
specify the full pathname of the library, or use the '-LLIBDIR'
flag during linking and do at least one of the following:
   - add LIBDIR to the 'LD_LIBRARY_PATH' environment variable
     during execution
   - add LIBDIR to the 'LD_RUN_PATH' environment variable
     during linking
   - use the '-Wl,-rpath -Wl,LIBDIR' linker flag
   - have your system administrator add LIBDIR to '/etc/ld.so.conf'

See any operating system documentation about shared libraries for
more information, such as the ld(1) and ld.so(8) manual pages.
----------------------------------------------------------------------

Build complete.
Don't forget to run 'make test'.

Installing shared extensions:     /usr/lib/php/20151012/
Installing header files:           /usr/include/php/20151012/
