This file contains any messages produced by compilers while
running configure, to aid debugging if configure makes a mistake.

It was created by configure, which was
generated by GNU Autoconf 2.69.  Invocation command line was

  $ ./configure --enable-hyph

## --------- ##
## Platform. ##
## --------- ##

hostname = debian
uname -m = x86_64
uname -r = 4.5.0-2-amd64
uname -s = Linux
uname -v = #1 SMP Debian 4.5.4-1 (2016-05-16)

/usr/bin/uname -p = unknown
/bin/uname -X     = unknown

/bin/arch              = unknown
/usr/bin/arch -k       = unknown
/usr/convex/getsysinfo = unknown
/usr/bin/hostinfo      = unknown
/bin/machine           = unknown
/usr/bin/oslevel       = unknown
/bin/universe          = unknown

PATH: /usr/local/bin
PATH: /usr/bin
PATH: /bin
PATH: /usr/local/games
PATH: /usr/games


## ----------- ##
## Core tests. ##
## ----------- ##

configure:2143: checking for grep that handles long lines and -e
configure:2201: result: /bin/grep
configure:2206: checking for egrep
configure:2268: result: /bin/grep -E
configure:2273: checking for a sed that does not truncate output
configure:2337: result: /bin/sed
configure:2529: checking for C compiler version
configure:2538: gcc --version >&5
gcc (Debian 5.3.1-20) 5.3.1 20160519
Copyright (C) 2015 Free Software Foundation, Inc.
This is free software; see the source for copying conditions.  There is NO
warranty; not even for MERCHANTABILITY or FITNESS FOR A PARTICULAR PURPOSE.

configure:2549: $? = 0
configure:2538: gcc -v >&5
Using built-in specs.
COLLECT_GCC=gcc
COLLECT_LTO_WRAPPER=/usr/lib/gcc/x86_64-linux-gnu/5/lto-wrapper
Target: x86_64-linux-gnu
Configured with: ../src/configure -v --with-pkgversion='Debian 5.3.1-20' --with-bugurl=file:///usr/share/doc/gcc-5/README.Bugs --enable-languages=c,ada,c++,java,go,d,fortran,objc,obj-c++ --prefix=/usr --program-suffix=-5 --enable-shared --enable-linker-build-id --libexecdir=/usr/lib --without-included-gettext --enable-threads=posix --libdir=/usr/lib --enable-nls --with-sysroot=/ --enable-clocale=gnu --enable-libstdcxx-debug --enable-libstdcxx-time=yes --with-default-libstdcxx-abi=new --enable-gnu-unique-object --disable-vtable-verify --enable-libmpx --enable-plugin --with-system-zlib --disable-browser-plugin --enable-java-awt=gtk --enable-gtk-cairo --with-java-home=/usr/lib/jvm/java-1.5.0-gcj-5-amd64/jre --enable-java-home --with-jvm-root-dir=/usr/lib/jvm/java-1.5.0-gcj-5-amd64 --with-jvm-jar-dir=/usr/lib/jvm-exports/java-1.5.0-gcj-5-amd64 --with-arch-directory=amd64 --with-ecj-jar=/usr/share/java/eclipse-ecj.jar --enable-objc-gc --enable-multiarch --with-arch-32=i686 --with-abi=m64 --with-multilib-list=m32,m64,mx32 --enable-multilib --with-tune=generic --enable-checking=release --build=x86_64-linux-gnu --host=x86_64-linux-gnu --target=x86_64-linux-gnu
Thread model: posix
gcc version 5.3.1 20160519 (Debian 5.3.1-20) 
configure:2549: $? = 0
configure:2538: gcc -V >&5
gcc: error: unrecognized command line option '-V'
gcc: fatal error: no input files
compilation terminated.
configure:2549: $? = 1
configure:2538: gcc -qversion >&5
gcc: error: unrecognized command line option '-qversion'
gcc: fatal error: no input files
compilation terminated.
configure:2549: $? = 1
configure:2569: checking whether the C compiler works
configure:2591: gcc -O2 -fvisibility=hidden -Wparentheses -flto -DZEPHIR_RELEASE=1   conftest.c  >&5
configure:2595: $? = 0
configure:2643: result: yes
configure:2646: checking for C compiler default output file name
configure:2648: result: a.out
configure:2654: checking for suffix of executables
configure:2661: gcc -o conftest -O2 -fvisibility=hidden -Wparentheses -flto -DZEPHIR_RELEASE=1   conftest.c  >&5
configure:2665: $? = 0
configure:2687: result: 
configure:2709: checking whether we are cross compiling
configure:2717: gcc -o conftest -O2 -fvisibility=hidden -Wparentheses -flto -DZEPHIR_RELEASE=1   conftest.c  >&5
configure:2721: $? = 0
configure:2728: ./conftest
configure:2732: $? = 0
configure:2747: result: no
configure:2752: checking for suffix of object files
configure:2774: gcc -c -O2 -fvisibility=hidden -Wparentheses -flto -DZEPHIR_RELEASE=1  conftest.c >&5
configure:2778: $? = 0
configure:2799: result: o
configure:2803: checking whether we are using the GNU C compiler
configure:2822: gcc -c -O2 -fvisibility=hidden -Wparentheses -flto -DZEPHIR_RELEASE=1  conftest.c >&5
configure:2822: $? = 0
configure:2831: result: yes
configure:2840: checking whether gcc accepts -g
configure:2860: gcc -c -g  conftest.c >&5
configure:2860: $? = 0
configure:2901: result: yes
configure:2918: checking for gcc option to accept ISO C89
configure:2981: gcc  -c -O2 -fvisibility=hidden -Wparentheses -flto -DZEPHIR_RELEASE=1  conftest.c >&5
configure:2981: $? = 0
configure:2994: result: none needed
configure:3020: checking how to run the C preprocessor
configure:3051: gcc -E  conftest.c
configure:3051: $? = 0
configure:3065: gcc -E  conftest.c
conftest.c:9:28: fatal error: ac_nonexistent.h: No such file or directory
compilation terminated.
configure:3065: $? = 1
configure: failed program was:
| /* confdefs.h */
| #define PACKAGE_NAME ""
| #define PACKAGE_TARNAME ""
| #define PACKAGE_VERSION ""
| #define PACKAGE_STRING ""
| #define PACKAGE_BUGREPORT ""
| #define PACKAGE_URL ""
| /* end confdefs.h.  */
| #include <ac_nonexistent.h>
configure:3090: result: gcc -E
configure:3110: gcc -E  conftest.c
configure:3110: $? = 0
configure:3124: gcc -E  conftest.c
conftest.c:9:28: fatal error: ac_nonexistent.h: No such file or directory
compilation terminated.
configure:3124: $? = 1
configure: failed program was:
| /* confdefs.h */
| #define PACKAGE_NAME ""
| #define PACKAGE_TARNAME ""
| #define PACKAGE_VERSION ""
| #define PACKAGE_STRING ""
| #define PACKAGE_BUGREPORT ""
| #define PACKAGE_URL ""
| /* end confdefs.h.  */
| #include <ac_nonexistent.h>
configure:3155: checking for icc
configure:3164: result: no
configure:3178: checking for suncc
configure:3187: result: no
configure:3202: checking whether gcc and cc understand -c and -o together
configure:3233: gcc -c conftest.c -o conftest2.o >&5
configure:3237: $? = 0
configure:3243: gcc -c conftest.c -o conftest2.o >&5
configure:3247: $? = 0
configure:3258: cc -c conftest.c >&5
configure:3262: $? = 0
configure:3270: cc -c conftest.c -o conftest2.o >&5
configure:3274: $? = 0
configure:3280: cc -c conftest.c -o conftest2.o >&5
configure:3284: $? = 0
configure:3302: result: yes
configure:3316: checking for system library directory
configure:3331: result: lib
configure:3338: checking if compiler supports -R
configure:3357: gcc -o conftest -O2 -fvisibility=hidden -Wparentheses -flto -DZEPHIR_RELEASE=1   conftest.c -R /usr/lib  >&5
gcc: error: unrecognized command line option '-R'
configure:3357: $? = 1
configure: failed program was:
| /* confdefs.h */
| #define PACKAGE_NAME ""
| #define PACKAGE_TARNAME ""
| #define PACKAGE_VERSION ""
| #define PACKAGE_STRING ""
| #define PACKAGE_BUGREPORT ""
| #define PACKAGE_URL ""
| /* end confdefs.h.  */
| 
| int
| main ()
| {
| 
|   ;
|   return 0;
| }
configure:3367: result: no
configure:3372: checking if compiler supports -Wl,-rpath,
configure:3391: gcc -o conftest -O2 -fvisibility=hidden -Wparentheses -flto -DZEPHIR_RELEASE=1   conftest.c -Wl,-rpath,/usr/lib  >&5
configure:3391: $? = 0
configure:3401: result: yes
configure:3446: checking build system type
configure:3460: result: x86_64-pc-linux-gnu
configure:3480: checking host system type
configure:3493: result: x86_64-pc-linux-gnu
configure:3513: checking target system type
configure:3526: result: x86_64-pc-linux-gnu
configure:3629: checking for PHP prefix
configure:3631: result: /usr
configure:3633: checking for PHP includes
configure:3635: result: -I/usr/include/php/20151012 -I/usr/include/php/20151012/main -I/usr/include/php/20151012/TSRM -I/usr/include/php/20151012/Zend -I/usr/include/php/20151012/ext -I/usr/include/php/20151012/ext/date/lib
configure:3637: checking for PHP extension directory
configure:3639: result: /usr/lib/php/20151012
configure:3641: checking for PHP installed headers prefix
configure:3643: result: /usr/include/php/20151012
configure:3646: checking if debug is enabled
configure:3672: result: no
configure:3675: checking if zts is enabled
configure:3701: result: no
configure:3772: checking for re2c
configure:3788: found /usr/bin/re2c
configure:3799: result: re2c
configure:3808: checking for re2c version
configure:3822: result: 0.16 (ok)
configure:3841: checking for gawk
configure:3872: result: no
configure:3841: checking for nawk
configure:3858: found /usr/bin/nawk
configure:3869: result: nawk
configure:3892: checking if nawk is broken
configure:3899: result: no
configure:3912: checking whether to enable hyph
configure:3951: result: yes, shared
configure:4361: checking whether HAVE_BUNDLED_PCRE is declared
configure:4361: gcc -c -O2 -fvisibility=hidden -Wparentheses -flto -DZEPHIR_RELEASE=1  -I/usr/include/php/20151012 -I/usr/include/php/20151012/main -I/usr/include/php/20151012/TSRM -I/usr/include/php/20151012/Zend -I/usr/include/php/20151012/ext -I/usr/include/php/20151012/ext/date/lib conftest.c >&5
conftest.c: In function 'main':
conftest.c:21:10: error: 'HAVE_BUNDLED_PCRE' undeclared (first use in this function)
   (void) HAVE_BUNDLED_PCRE;
          ^
conftest.c:21:10: note: each undeclared identifier is reported only once for each function it appears in
configure:4361: $? = 1
configure: failed program was:
| /* confdefs.h */
| #define PACKAGE_NAME ""
| #define PACKAGE_TARNAME ""
| #define PACKAGE_VERSION ""
| #define PACKAGE_STRING ""
| #define PACKAGE_BUGREPORT ""
| #define PACKAGE_URL ""
| #define HAVE_HYPH 1
| #define COMPILE_DL_HYPH 1
| /* end confdefs.h.  */
| #include "php_config.h"
| 
| 
| int
| main ()
| {
| #ifndef HAVE_BUNDLED_PCRE
| #ifdef __cplusplus
|   (void) HAVE_BUNDLED_PCRE;
| #else
|   (void) HAVE_BUNDLED_PCRE;
| #endif
| #endif
| 
|   ;
|   return 0;
| }
configure:4361: result: no
configure:4407: checking whether HAVE_JSON is declared
configure:4407: gcc -c -O2 -fvisibility=hidden -Wparentheses -flto -DZEPHIR_RELEASE=1  -I/usr/include/php/20151012 -I/usr/include/php/20151012/main -I/usr/include/php/20151012/TSRM -I/usr/include/php/20151012/Zend -I/usr/include/php/20151012/ext -I/usr/include/php/20151012/ext/date/lib conftest.c >&5
conftest.c: In function 'main':
conftest.c:21:10: error: 'HAVE_JSON' undeclared (first use in this function)
   (void) HAVE_JSON;
          ^
conftest.c:21:10: note: each undeclared identifier is reported only once for each function it appears in
configure:4407: $? = 1
configure: failed program was:
| /* confdefs.h */
| #define PACKAGE_NAME ""
| #define PACKAGE_TARNAME ""
| #define PACKAGE_VERSION ""
| #define PACKAGE_STRING ""
| #define PACKAGE_BUGREPORT ""
| #define PACKAGE_URL ""
| #define HAVE_HYPH 1
| #define COMPILE_DL_HYPH 1
| /* end confdefs.h.  */
| #include "php_config.h"
| 
| 
| int
| main ()
| {
| #ifndef HAVE_JSON
| #ifdef __cplusplus
|   (void) HAVE_JSON;
| #else
|   (void) HAVE_JSON;
| #endif
| #endif
| 
|   ;
|   return 0;
| }
configure:4407: result: no
configure:4534: checking how to print strings
configure:4561: result: printf
configure:4582: checking for a sed that does not truncate output
configure:4646: result: /bin/sed
configure:4664: checking for fgrep
configure:4726: result: /bin/grep -F
configure:4761: checking for ld used by gcc
configure:4828: result: /usr/bin/ld
configure:4835: checking if the linker (/usr/bin/ld) is GNU ld
configure:4850: result: yes
configure:4862: checking for BSD- or MS-compatible name lister (nm)
configure:4916: result: /usr/bin/nm -B
configure:5046: checking the name lister (/usr/bin/nm -B) interface
configure:5053: gcc -c -O2 -fvisibility=hidden -Wparentheses -flto -DZEPHIR_RELEASE=1  conftest.c >&5
configure:5056: /usr/bin/nm -B "conftest.o"
/usr/bin/nm: conftest.o: plugin needed to handle lto object
configure:5059: output
0000000000000001 C __gnu_lto_slim
0000000000000001 C __gnu_lto_v1
configure:5066: result: BSD nm
configure:5069: checking whether ln -s works
configure:5073: result: yes
configure:5081: checking the maximum length of command line arguments
configure:5212: result: 1572864
configure:5260: checking how to convert x86_64-pc-linux-gnu file names to x86_64-pc-linux-gnu format
configure:5300: result: func_convert_file_noop
configure:5307: checking how to convert x86_64-pc-linux-gnu file names to toolchain format
configure:5327: result: func_convert_file_noop
configure:5334: checking for /usr/bin/ld option to reload object files
configure:5341: result: -r
configure:5415: checking for objdump
configure:5431: found /usr/bin/objdump
configure:5442: result: objdump
configure:5474: checking how to recognize dependent libraries
configure:5674: result: pass_all
configure:5759: checking for dlltool
configure:5789: result: no
configure:5819: checking how to associate runtime and link libraries
configure:5846: result: printf %s\n
configure:5906: checking for ar
configure:5922: found /usr/bin/ar
configure:5933: result: ar
configure:5970: checking for archiver @FILE support
configure:5987: gcc -c -O2 -fvisibility=hidden -Wparentheses -flto -DZEPHIR_RELEASE=1  conftest.c >&5
configure:5987: $? = 0
configure:5990: ar cru libconftest.a @conftest.lst >&5
ar: `u' modifier ignored since `D' is the default (see `U')
ar: conftest.o: plugin needed to handle lto object
configure:5993: $? = 0
configure:5998: ar cru libconftest.a @conftest.lst >&5
ar: `u' modifier ignored since `D' is the default (see `U')
ar: conftest.o: No such file or directory
configure:6001: $? = 1
configure:6013: result: @
configure:6071: checking for strip
configure:6087: found /usr/bin/strip
configure:6098: result: strip
configure:6170: checking for ranlib
configure:6186: found /usr/bin/ranlib
configure:6197: result: ranlib
configure:6274: checking for gawk
configure:6301: result: nawk
configure:6341: checking command to parse /usr/bin/nm -B output from gcc object
configure:6494: gcc -c -O2 -fvisibility=hidden -Wparentheses -flto -DZEPHIR_RELEASE=1  conftest.c >&5
configure:6497: $? = 0
configure:6501: /usr/bin/nm -B conftest.o \| sed -n -e 's/^.*[ ]\([ABCDGIRSTW][ABCDGIRSTW]*\)[ ][ ]*\([_A-Za-z][_A-Za-z0-9]*\)$/\1 \2 \2/p' | sed '/ __gnu_lto/d' \> conftest.nm
/usr/bin/nm: conftest.o: plugin needed to handle lto object
configure:6504: $? = 0
cannot run sed -n -e 's/^.*[	 ]\([ABCDGIRSTW][ABCDGIRSTW]*\)[	 ][	 ]*\([_A-Za-z][_A-Za-z0-9]*\)$/\1 \2 \2/p' | sed '/ __gnu_lto/d'
configure:6494: gcc -c -O2 -fvisibility=hidden -Wparentheses -flto -DZEPHIR_RELEASE=1  conftest.c >&5
configure:6497: $? = 0
configure:6501: /usr/bin/nm -B conftest.o \| sed -n -e 's/^.*[ ]\([ABCDGIRSTW][ABCDGIRSTW]*\)[ ][ ]*_\([_A-Za-z][_A-Za-z0-9]*\)$/\1 _\2 \2/p' | sed '/ __gnu_lto/d' \> conftest.nm
/usr/bin/nm: conftest.o: plugin needed to handle lto object
configure:6504: $? = 0
cannot run sed -n -e 's/^.*[	 ]\([ABCDGIRSTW][ABCDGIRSTW]*\)[	 ][	 ]*_\([_A-Za-z][_A-Za-z0-9]*\)$/\1 _\2 \2/p' | sed '/ __gnu_lto/d'
configure:6608: result: failed
configure:6658: checking for sysroot
configure:6688: result: no
configure:6695: checking for a working dd
configure:6733: result: /bin/dd
configure:6737: checking how to truncate binary pipes
configure:6752: result: /bin/dd bs=4096 count=1
configure:6888: gcc -c -O2 -fvisibility=hidden -Wparentheses -flto -DZEPHIR_RELEASE=1  conftest.c >&5
configure:6891: $? = 0
configure:7081: checking for mt
configure:7097: found /bin/mt
configure:7108: result: mt
configure:7131: checking if mt is a manifest tool
configure:7137: mt '-?'
configure:7145: result: no
configure:7817: checking for ANSI C header files
configure:7837: gcc -c -O2 -fvisibility=hidden -Wparentheses -flto -DZEPHIR_RELEASE=1  conftest.c >&5
configure:7837: $? = 0
configure:7910: gcc -o conftest -O2 -fvisibility=hidden -Wparentheses -flto -DZEPHIR_RELEASE=1   conftest.c  >&5
configure:7910: $? = 0
configure:7910: ./conftest
configure:7910: $? = 0
configure:7921: result: yes
configure:7934: checking for sys/types.h
configure:7934: gcc -c -O2 -fvisibility=hidden -Wparentheses -flto -DZEPHIR_RELEASE=1  conftest.c >&5
configure:7934: $? = 0
configure:7934: result: yes
configure:7934: checking for sys/stat.h
configure:7934: gcc -c -O2 -fvisibility=hidden -Wparentheses -flto -DZEPHIR_RELEASE=1  conftest.c >&5
configure:7934: $? = 0
configure:7934: result: yes
configure:7934: checking for stdlib.h
configure:7934: gcc -c -O2 -fvisibility=hidden -Wparentheses -flto -DZEPHIR_RELEASE=1  conftest.c >&5
configure:7934: $? = 0
configure:7934: result: yes
configure:7934: checking for string.h
configure:7934: gcc -c -O2 -fvisibility=hidden -Wparentheses -flto -DZEPHIR_RELEASE=1  conftest.c >&5
configure:7934: $? = 0
configure:7934: result: yes
configure:7934: checking for memory.h
configure:7934: gcc -c -O2 -fvisibility=hidden -Wparentheses -flto -DZEPHIR_RELEASE=1  conftest.c >&5
configure:7934: $? = 0
configure:7934: result: yes
configure:7934: checking for strings.h
configure:7934: gcc -c -O2 -fvisibility=hidden -Wparentheses -flto -DZEPHIR_RELEASE=1  conftest.c >&5
configure:7934: $? = 0
configure:7934: result: yes
configure:7934: checking for inttypes.h
configure:7934: gcc -c -O2 -fvisibility=hidden -Wparentheses -flto -DZEPHIR_RELEASE=1  conftest.c >&5
configure:7934: $? = 0
configure:7934: result: yes
configure:7934: checking for stdint.h
configure:7934: gcc -c -O2 -fvisibility=hidden -Wparentheses -flto -DZEPHIR_RELEASE=1  conftest.c >&5
configure:7934: $? = 0
configure:7934: result: yes
configure:7934: checking for unistd.h
configure:7934: gcc -c -O2 -fvisibility=hidden -Wparentheses -flto -DZEPHIR_RELEASE=1  conftest.c >&5
configure:7934: $? = 0
configure:7934: result: yes
configure:7948: checking for dlfcn.h
configure:7948: gcc -c -O2 -fvisibility=hidden -Wparentheses -flto -DZEPHIR_RELEASE=1  conftest.c >&5
configure:7948: $? = 0
configure:7948: result: yes
configure:8204: checking for objdir
configure:8219: result: .libs
configure:8483: checking if gcc supports -fno-rtti -fno-exceptions
configure:8501: gcc -c -O2 -fvisibility=hidden -Wparentheses -flto -DZEPHIR_RELEASE=1  -fno-rtti -fno-exceptions conftest.c >&5
cc1: warning: command line option '-fno-rtti' is valid for C++/ObjC++ but not for C
configure:8505: $? = 0
configure:8518: result: no
configure:8876: checking for gcc option to produce PIC
configure:8883: result: -fPIC -DPIC
configure:8891: checking if gcc PIC flag -fPIC -DPIC works
configure:8909: gcc -c -O2 -fvisibility=hidden -Wparentheses -flto -DZEPHIR_RELEASE=1  -fPIC -DPIC -DPIC conftest.c >&5
configure:8913: $? = 0
configure:8926: result: yes
configure:8955: checking if gcc static flag -static works
configure:8983: result: yes
configure:8998: checking if gcc supports -c -o file.o
configure:9019: gcc -c -O2 -fvisibility=hidden -Wparentheses -flto -DZEPHIR_RELEASE=1  -o out/conftest2.o conftest.c >&5
configure:9023: $? = 0
configure:9045: result: yes
configure:9053: checking if gcc supports -c -o file.o
configure:9100: result: yes
configure:9133: checking whether the gcc linker (/usr/bin/ld -m elf_x86_64) supports shared libraries
configure:10396: result: yes
configure:10433: checking whether -lc should be explicitly linked in
configure:10441: gcc -c -O2 -fvisibility=hidden -Wparentheses -flto -DZEPHIR_RELEASE=1  conftest.c >&5
configure:10444: $? = 0
configure:10459: gcc -shared  -fPIC -DPIC conftest.o  -v -Wl,-soname -Wl,conftest -o conftest 2\>\&1 \| /bin/grep  -lc  \>/dev/null 2\>\&1
configure:10462: $? = 0
configure:10476: result: no
configure:10636: checking dynamic linker characteristics
configure:11217: gcc -o conftest -O2 -fvisibility=hidden -Wparentheses -flto -DZEPHIR_RELEASE=1   -Wl,-rpath -Wl,/foo conftest.c  >&5
configure:11217: $? = 0
configure:11466: result: GNU/Linux ld.so
configure:11588: checking how to hardcode library paths into programs
configure:11613: result: immediate
configure:12161: checking whether stripping libraries is possible
configure:12166: result: yes
configure:12201: checking if libtool supports shared libraries
configure:12203: result: yes
configure:12206: checking whether to build shared libraries
configure:12231: result: yes
configure:12234: checking whether to build static libraries
configure:12238: result: no
configure:12514: creating ./config.status

## ---------------------- ##
## Running config.status. ##
## ---------------------- ##

This file was extended by config.status, which was
generated by GNU Autoconf 2.69.  Invocation command line was

  CONFIG_FILES    = 
  CONFIG_HEADERS  = 
  CONFIG_LINKS    = 
  CONFIG_COMMANDS = 
  $ ./config.status 

on debian

config.status:889: creating config.h
config.status:993: executing libtool commands

## ---------------- ##
## Cache variables. ##
## ---------------- ##

ac_cv_build=x86_64-pc-linux-gnu
ac_cv_c_compiler_gnu=yes
ac_cv_env_CC_set=set
ac_cv_env_CC_value=gcc
ac_cv_env_CFLAGS_set=set
ac_cv_env_CFLAGS_value='-O2 -fvisibility=hidden -Wparentheses -flto -DZEPHIR_RELEASE=1'
ac_cv_env_CPPFLAGS_set=
ac_cv_env_CPPFLAGS_value=
ac_cv_env_CPP_set=
ac_cv_env_CPP_value=
ac_cv_env_LDFLAGS_set=
ac_cv_env_LDFLAGS_value=
ac_cv_env_LIBS_set=
ac_cv_env_LIBS_value=
ac_cv_env_LT_SYS_LIBRARY_PATH_set=
ac_cv_env_LT_SYS_LIBRARY_PATH_value=
ac_cv_env_build_alias_set=
ac_cv_env_build_alias_value=
ac_cv_env_host_alias_set=
ac_cv_env_host_alias_value=
ac_cv_env_target_alias_set=
ac_cv_env_target_alias_value=
ac_cv_have_decl_HAVE_BUNDLED_PCRE=no
ac_cv_have_decl_HAVE_JSON=no
ac_cv_header_dlfcn_h=yes
ac_cv_header_inttypes_h=yes
ac_cv_header_memory_h=yes
ac_cv_header_stdc=yes
ac_cv_header_stdint_h=yes
ac_cv_header_stdlib_h=yes
ac_cv_header_string_h=yes
ac_cv_header_strings_h=yes
ac_cv_header_sys_stat_h=yes
ac_cv_header_sys_types_h=yes
ac_cv_header_unistd_h=yes
ac_cv_host=x86_64-pc-linux-gnu
ac_cv_objext=o
ac_cv_path_EGREP='/bin/grep -E'
ac_cv_path_FGREP='/bin/grep -F'
ac_cv_path_GREP=/bin/grep
ac_cv_path_SED=/bin/sed
ac_cv_path_lt_DD=/bin/dd
ac_cv_prog_AWK=nawk
ac_cv_prog_CPP='gcc -E'
ac_cv_prog_RE2C=re2c
ac_cv_prog_ac_ct_AR=ar
ac_cv_prog_ac_ct_MANIFEST_TOOL=mt
ac_cv_prog_ac_ct_OBJDUMP=objdump
ac_cv_prog_ac_ct_RANLIB=ranlib
ac_cv_prog_ac_ct_STRIP=strip
ac_cv_prog_cc_c89=
ac_cv_prog_cc_g=yes
ac_cv_prog_cc_gcc_c_o=yes
ac_cv_target=x86_64-pc-linux-gnu
lt_cv_ar_at_file=@
lt_cv_archive_cmds_need_lc=no
lt_cv_deplibs_check_method=pass_all
lt_cv_file_magic_cmd='$MAGIC_CMD'
lt_cv_file_magic_test_file=
lt_cv_ld_reload_flag=-r
lt_cv_nm_interface='BSD nm'
lt_cv_objdir=.libs
lt_cv_path_LD=/usr/bin/ld
lt_cv_path_NM='/usr/bin/nm -B'
lt_cv_path_mainfest_tool=no
lt_cv_prog_compiler_c_o=yes
lt_cv_prog_compiler_pic='-fPIC -DPIC'
lt_cv_prog_compiler_pic_works=yes
lt_cv_prog_compiler_rtti_exceptions=no
lt_cv_prog_compiler_static_works=yes
lt_cv_prog_gnu_ld=yes
lt_cv_sharedlib_from_linklib_cmd='printf %s\n'
lt_cv_shlibpath_overrides_runpath=no
lt_cv_sys_global_symbol_pipe=
lt_cv_sys_global_symbol_to_c_name_address='sed -n -e '\''s/^: \(.*\) .*$/  {"\1", (void *) 0},/p'\'' -e '\''s/^[ABCDGIRSTW][ABCDGIRSTW]* .* \(.*\)$/  {"\1", (void *) \&\1},/p'\'''
lt_cv_sys_global_symbol_to_c_name_address_lib_prefix='sed -n -e '\''s/^: \(.*\) .*$/  {"\1", (void *) 0},/p'\'' -e '\''s/^[ABCDGIRSTW][ABCDGIRSTW]* .* \(lib.*\)$/  {"\1", (void *) \&\1},/p'\'' -e '\''s/^[ABCDGIRSTW][ABCDGIRSTW]* .* \(.*\)$/  {"lib\1", (void *) \&\1},/p'\'''
lt_cv_sys_global_symbol_to_cdecl=
lt_cv_sys_global_symbol_to_import=
lt_cv_sys_max_cmd_len=1572864
lt_cv_to_host_file_cmd=func_convert_file_noop
lt_cv_to_tool_file_cmd=func_convert_file_noop
lt_cv_truncate_bin='/bin/dd bs=4096 count=1'
php_cv_cc_dashr=no
php_cv_cc_rpath=yes
php_cv_re2c_version='0.16 (ok)'

## ----------------- ##
## Output variables. ##
## ----------------- ##

AR='ar'
AWK='nawk'
CC='gcc'
CFLAGS='-O2 -fvisibility=hidden -Wparentheses -flto -DZEPHIR_RELEASE=1'
CONFIGURE_COMMAND=' '\''./configure'\''  '\''--enable-hyph'\'' '\''CC=gcc'\'' '\''CFLAGS=-O2 '\''-fvisibility=hidden'\'' '\''-Wparentheses'\'' '\''-flto'\'' '\''-DZEPHIR_RELEASE=1'\'''\'''
CONFIGURE_OPTIONS=' '\''--enable-hyph'\'' '\''CC=gcc'\'' '\''CFLAGS=-O2 '\''-fvisibility=hidden'\'' '\''-Wparentheses'\'' '\''-flto'\'' '\''-DZEPHIR_RELEASE=1'\'''\'''
CPP='gcc -E'
CPPFLAGS=' -DHAVE_CONFIG_H'
DEFS='-DHAVE_CONFIG_H'
DLLTOOL='false'
DSYMUTIL=''
DUMPBIN=''
ECHO_C=''
ECHO_N='-n'
ECHO_T=''
EGREP='/bin/grep -E'
EXEEXT=''
FGREP='/bin/grep -F'
GREP='/bin/grep'
LD='/usr/bin/ld -m elf_x86_64'
LDFLAGS=''
LIBOBJS=''
LIBS=''
LIBTOOL='$(SHELL) $(top_builddir)/libtool'
LIPO=''
LN_S='ln -s'
LTLIBOBJS=''
LT_SYS_LIBRARY_PATH=''
MANIFEST_TOOL=':'
NM='/usr/bin/nm -B'
NMEDIT=''
OBJDUMP='objdump'
OBJEXT='o'
OTOOL64=''
OTOOL=''
PACKAGE_BUGREPORT=''
PACKAGE_NAME=''
PACKAGE_STRING=''
PACKAGE_TARNAME=''
PACKAGE_URL=''
PACKAGE_VERSION=''
PATH_SEPARATOR=':'
RANLIB='ranlib'
RE2C='re2c'
SED='/bin/sed'
SHELL='/bin/bash'
SHLIB_DL_SUFFIX_NAME='so'
SHLIB_SUFFIX_NAME='so'
STRIP='strip'
ac_ct_AR='ar'
ac_ct_CC=''
ac_ct_DUMPBIN=''
bindir='${exec_prefix}/bin'
build='x86_64-pc-linux-gnu'
build_alias=''
build_cpu='x86_64'
build_os='linux-gnu'
build_vendor='pc'
datadir='${datarootdir}'
datarootdir='${prefix}/share'
docdir='${datarootdir}/doc/${PACKAGE}'
dvidir='${docdir}'
exec_prefix='$(prefix)'
host='x86_64-pc-linux-gnu'
host_alias='x86_64-pc-linux-gnu'
host_cpu='x86_64'
host_os='linux-gnu'
host_vendor='pc'
htmldir='${docdir}'
includedir='${prefix}/include'
infodir='${datarootdir}/info'
libdir='${exec_prefix}/lib'
libexecdir='${exec_prefix}/libexec'
localedir='${datarootdir}/locale'
localstatedir='${prefix}/var'
mandir='${datarootdir}/man'
oldincludedir='/usr/include'
pdfdir='${docdir}'
prefix='/usr'
program_transform_name='s,x,x,'
psdir='${docdir}'
runstatedir='${localstatedir}/run'
sbindir='${exec_prefix}/sbin'
sharedstatedir='${prefix}/com'
sysconfdir='${prefix}/etc'
target='x86_64-pc-linux-gnu'
target_alias=''
target_cpu='x86_64'
target_os='linux-gnu'
target_vendor='pc'

## ----------- ##
## confdefs.h. ##
## ----------- ##

/* confdefs.h */
#define PACKAGE_NAME ""
#define PACKAGE_TARNAME ""
#define PACKAGE_VERSION ""
#define PACKAGE_STRING ""
#define PACKAGE_BUGREPORT ""
#define PACKAGE_URL ""
#define HAVE_HYPH 1
#define COMPILE_DL_HYPH 1
#define STDC_HEADERS 1
#define HAVE_SYS_TYPES_H 1
#define HAVE_SYS_STAT_H 1
#define HAVE_STDLIB_H 1
#define HAVE_STRING_H 1
#define HAVE_MEMORY_H 1
#define HAVE_STRINGS_H 1
#define HAVE_INTTYPES_H 1
#define HAVE_STDINT_H 1
#define HAVE_UNISTD_H 1
#define HAVE_DLFCN_H 1
#define LT_OBJDIR ".libs/"

configure: exit 0
